<?xml version="1.0" encoding="UTF-8"?>
<Site BuildName="Win32-MSBuild"
	BuildStamp="20240304-1424-Experimental"
	Name="Sean-Dell-G15"
	Generator="ctest-3.28.3"
	CompilerName=""
	CompilerVersion=""
	OSName="Windows"
	Hostname="Sean-Dell-G15"
	OSRelease=" Professional"
	OSVersion=" (Build 22631)"
	OSPlatform="AMD64"
	Is64Bits="1"
	VendorString="GenuineIntel"
	VendorID="Intel Corporation"
	FamilyID="6"
	ModelID="10"
	ProcessorCacheSize="-1"
	NumberOfLogicalCPU="20"
	NumberOfPhysicalCPU="14"
	TotalVirtualMemory="36285"
	TotalPhysicalMemory="16068"
	LogicalProcessorsPerPhysical="1"
	ProcessorClockFrequency="2688"
	>
	<Testing>
		<StartDateTime>Mar 04 19:20 W. Europe Standard Time</StartDateTime>
		<StartTestTime>1709576458</StartTestTime>
		<TestList/>
		<EndDateTime>Mar 04 19:20 W. Europe Standard Time</EndDateTime>
		<EndTestTime>1709576458</EndTestTime>
		<ElapsedMinutes>0</ElapsedMinutes>
	</Testing>
</Site>
